<?xml version="1.0" encoding="UTF-8"?>
<!-- Generated by org.testng.reporters.JUnitReportReporter -->
<testsuite hostname="Shreyanvi" failures="0" tests="1" name="Demo.FirstDemo" time="4.429" errors="0" timestamp="2023-11-30T22:20:05 IST" skipped="0">
  <testcase classname="Demo.FirstDemo" name="demo1" time="4.429"/>
</testsuite> <!-- Demo.FirstDemo -->
