<?xml version="1.0" encoding="UTF-8"?>
<!-- Generated by org.testng.reporters.JUnitReportReporter -->
<testsuite hostname="Shreyanvi" failures="0" tests="1" name="Demo.FirstDemo" time="2.733" errors="0" timestamp="2023-11-30T21:11:51 IST" skipped="0">
  <testcase classname="Demo.FirstDemo" name="demo1" time="2.733"/>
</testsuite> <!-- Demo.FirstDemo -->
